<?xml version="1.0" encoding="UTF-8"?>
<!-- Generated by org.testng.reporters.JUnitXMLReporter -->
<testsuite ignored="2" hostname="G4-W10-21H1-LEG" failures="0" tests="1" name="Default test" time="66.524" errors="0" timestamp="2024-03-15T15:03:57 IST">
  <testcase classname="qusetionset.SourcingOrgAdminisabletoCreateProjectWithPracticeQuestionSet" name="VerifySourcingOrgAdminisAbletoCreatetheProjectwithPracticeQuestionSetandSkipEnable" time="57.982"/>
  <testcase classname="qusetionset.SourcingOrgAdminisabletoCreateProjectWithPracticeQuestionSet" name="VerifySourcingOrgAdminisAbletoCreatetheProjectwithPracticeQuestionSet" time="0.0">
    <ignored/>
  </testcase> <!-- VerifySourcingOrgAdminisAbletoCreatetheProjectwithPracticeQuestionSet -->
  <testcase classname="qusetionset.SourcingOrgAdminisabletoCreateProjectWithPracticeQuestionSet" name="VerifyIndividualContributorContributetheContent" time="0.0">
    <ignored/>
  </testcase> <!-- VerifyIndividualContributorContributetheContent -->
</testsuite> <!-- Default test -->
