<?xml version="1.0" encoding="UTF-8"?>
<testng-results ignored="2" total="3" passed="1" failed="0" skipped="0">
  <reporter-output>
  </reporter-output>
  <suite started-at="2024-03-15T15:02:50 IST" name="Default suite" finished-at="2024-03-15T15:03:57 IST" duration-ms="66524">
    <groups>
    </groups>
    <test started-at="2024-03-15T15:02:50 IST" name="Default test" finished-at="2024-03-15T15:03:57 IST" duration-ms="66524">
      <class name="qusetionset.SourcingOrgAdminisabletoCreateProjectWithPracticeQuestionSet">
        <test-method is-config="true" signature="loadFrameworkConfigs()[pri:0, instance:qusetionset.SourcingOrgAdminisabletoCreateProjectWithPracticeQuestionSet@52b1beb6]" started-at="2024-03-15T15:02:50 IST" name="loadFrameworkConfigs" finished-at="2024-03-15T15:02:50 IST" duration-ms="11" status="PASS">
          <reporter-output>
          </reporter-output>
        </test-method> <!-- loadFrameworkConfigs -->
        <test-method is-config="true" signature="LaunchBrowser()[pri:0, instance:qusetionset.SourcingOrgAdminisabletoCreateProjectWithPracticeQuestionSet@52b1beb6]" started-at="2024-03-15T15:02:50 IST" name="LaunchBrowser" finished-at="2024-03-15T15:02:58 IST" duration-ms="8192" status="PASS">
          <reporter-output>
          </reporter-output>
        </test-method> <!-- LaunchBrowser -->
        <test-method signature="VerifySourcingOrgAdminisAbletoCreatetheProjectwithPracticeQuestionSetandSkipEnable()[pri:0, instance:qusetionset.SourcingOrgAdminisabletoCreateProjectWithPracticeQuestionSet@52b1beb6]" started-at="2024-03-15T15:02:58 IST" name="VerifySourcingOrgAdminisAbletoCreatetheProjectwithPracticeQuestionSetandSkipEnable" finished-at="2024-03-15T15:03:56 IST" duration-ms="57982" status="PASS">
          <reporter-output>
          </reporter-output>
        </test-method> <!-- VerifySourcingOrgAdminisAbletoCreatetheProjectwithPracticeQuestionSetandSkipEnable -->
        <test-method is-config="true" signature="CloseBrowser()[pri:0, instance:qusetionset.SourcingOrgAdminisabletoCreateProjectWithPracticeQuestionSet@52b1beb6]" started-at="2024-03-15T15:03:56 IST" name="CloseBrowser" finished-at="2024-03-15T15:03:57 IST" duration-ms="270" status="PASS">
          <reporter-output>
          </reporter-output>
        </test-method> <!-- CloseBrowser -->
      </class> <!-- qusetionset.SourcingOrgAdminisabletoCreateProjectWithPracticeQuestionSet -->
    </test> <!-- Default test -->
  </suite> <!-- Default suite -->
</testng-results>
